This is pdfTeX, Version 3.141592653-2.6-1.40.25 (MiKTeX 24.1) (preloaded format=pdflatex 2025.7.18)  18 JUN 2026 21:55
entering extended mode
 restricted \write18 enabled.
 %&-line parsing enabled.
**./paper.tex
(paper.tex
LaTeX2e <2023-11-01> patch level 1
L3 programming layer <2024-01-04>
(llncs.cls
Document Class: llncs 2025/02/25 v2.26 
 LaTeX document class for Lecture Notes in Computer Science
(C:\Users\acoss\AppData\Local\Programs\MiKTeX\tex/latex/base\article.cls
Document Class: article 2023/05/17 v1.4n Standard LaTeX document class
(C:\Users\acoss\AppData\Local\Programs\MiKTeX\tex/latex/base\size10.clo
File: size10.clo 2023/05/17 v1.4n Standard LaTeX file (size option)
)
\c@part=\count187
\c@section=\count188
\c@subsection=\count189
\c@subsubsection=\count190
\c@paragraph=\count191
\c@subparagraph=\count192
\c@figure=\count193
\c@table=\count194
\abovecaptionskip=\skip48
\belowcaptionskip=\skip49
\bibindent=\dimen140
)
(C:\Users\acoss\AppData\Local\Programs\MiKTeX\tex/latex/tools\multicol.sty
Package: multicol 2023/03/30 v1.9f multicolumn formatting (FMi)
\c@tracingmulticols=\count195
\mult@box=\box51
\multicol@leftmargin=\dimen141
\c@unbalance=\count196
\c@collectmore=\count197
\doublecol@number=\count198
\multicoltolerance=\count199
\multicolpretolerance=\count266
\full@width=\dimen142
\page@free=\dimen143
\premulticols=\dimen144
\postmulticols=\dimen145
\multicolsep=\skip50
\multicolbaselineskip=\skip51
\partial@page=\box52
\last@line=\box53
\mc@boxedresult=\box54
\maxbalancingoverflow=\dimen146
\mult@rightbox=\box55
\mult@grightbox=\box56
\mult@firstbox=\box57
\mult@gfirstbox=\box58
\@tempa=\box59
\@tempa=\box60
\@tempa=\box61
\@tempa=\box62
\@tempa=\box63
\@tempa=\box64
\@tempa=\box65
\@tempa=\box66
\@tempa=\box67
\@tempa=\box68
\@tempa=\box69
\@tempa=\box70
\@tempa=\box71
\@tempa=\box72
\@tempa=\box73
\@tempa=\box74
\@tempa=\box75
\@tempa=\box76
\@tempa=\box77
\@tempa=\box78
\@tempa=\box79
\@tempa=\box80
\@tempa=\box81
\@tempa=\box82
\@tempa=\box83
\@tempa=\box84
\@tempa=\box85
\@tempa=\box86
\@tempa=\box87
\@tempa=\box88
\@tempa=\box89
\@tempa=\box90
\@tempa=\box91
\@tempa=\box92
\@tempa=\box93
\@tempa=\box94
\c@minrows=\count267
\c@columnbadness=\count268
\c@finalcolumnbadness=\count269
\last@try=\dimen147
\multicolovershoot=\dimen148
\multicolundershoot=\dimen149
\mult@nat@firstbox=\box95
\colbreak@box=\box96
\mc@col@check@num=\count270
)
(C:\Users\acoss\AppData\Local\Programs\MiKTeX\tex/latex/oberdiek\aliascnt.sty
Package: aliascnt 2018/09/07 v1.5 Alias counters (HO)
)
\c@chapter=\count271
LaTeX Font Info:    Redeclaring math symbol \Gamma on input line 379.
LaTeX Font Info:    Redeclaring math symbol \Delta on input line 380.
LaTeX Font Info:    Redeclaring math symbol \Theta on input line 381.
LaTeX Font Info:    Redeclaring math symbol \Lambda on input line 382.
LaTeX Font Info:    Redeclaring math symbol \Xi on input line 383.
LaTeX Font Info:    Redeclaring math symbol \Pi on input line 384.
LaTeX Font Info:    Redeclaring math symbol \Sigma on input line 385.
LaTeX Font Info:    Redeclaring math symbol \Upsilon on input line 386.
LaTeX Font Info:    Redeclaring math symbol \Phi on input line 387.
LaTeX Font Info:    Redeclaring math symbol \Psi on input line 388.
LaTeX Font Info:    Redeclaring math symbol \Omega on input line 389.
LaTeX Info: Redefining \vec on input line 394.
\tocchpnum=\dimen150
\tocsecnum=\dimen151
\tocsectotal=\dimen152
\tocsubsecnum=\dimen153
\tocsubsectotal=\dimen154
\tocsubsubsecnum=\dimen155
\tocsubsubsectotal=\dimen156
\tocparanum=\dimen157
\tocparatotal=\dimen158
\tocsubparanum=\dimen159
\@tempcntc=\count272
\fnindent=\dimen160
\c@@inst=\count273
\c@@auth=\count274
\c@auco=\count275
\instindent=\dimen161
\authrun=\box97
\authorrunning=\toks17
\tocauthor=\toks18
\titrun=\box98
\titlerunning=\toks19
\toctitle=\toks20
\c@theorem=\count276
\c@case=\count277
\c@conjecture=\count278
\c@corollary=\count279
\c@definition=\count280
\c@example=\count281
\c@exercise=\count282
\c@lemma=\count283
\c@note=\count284
\c@problem=\count285
\c@property=\count286
\c@proposition=\count287
\c@question=\count288
\c@solution=\count289
\c@remark=\count290
\headlineindent=\dimen162
) (C:\Users\acoss\AppData\Local\Programs\MiKTeX\tex/latex/base\fontenc.sty
Package: fontenc 2021/04/29 v2.0v Standard LaTeX package
)
(C:\Users\acoss\AppData\Local\Programs\MiKTeX\tex/latex/graphics\graphicx.sty
Package: graphicx 2021/09/16 v1.2d Enhanced LaTeX Graphics (DPC,SPQR)

(C:\Users\acoss\AppData\Local\Programs\MiKTeX\tex/latex/graphics\keyval.sty
Package: keyval 2022/05/29 v1.15 key=value parser (DPC)
\KV@toks@=\toks21
)
(C:\Users\acoss\AppData\Local\Programs\MiKTeX\tex/latex/graphics\graphics.sty
Package: graphics 2022/03/10 v1.4e Standard LaTeX Graphics (DPC,SPQR)

(C:\Users\acoss\AppData\Local\Programs\MiKTeX\tex/latex/graphics\trig.sty
Package: trig 2021/08/11 v1.11 sin cos tan (DPC)
)
(C:\Users\acoss\AppData\Local\Programs\MiKTeX\tex/latex/graphics-cfg\graphics.c
fg
File: graphics.cfg 2016/06/04 v1.11 sample graphics configuration
)
Package graphics Info: Driver file: pdftex.def on input line 107.

(C:\Users\acoss\AppData\Local\Programs\MiKTeX\tex/latex/graphics-def\pdftex.def
File: pdftex.def 2022/09/22 v1.2b Graphics/color driver for pdftex
))
\Gin@req@height=\dimen163
\Gin@req@width=\dimen164
) (C:\Users\acoss\AppData\Local\Programs\MiKTeX\tex/latex/float\float.sty
Package: float 2001/11/08 v1.3d Float enhancements (AL)
\c@float@type=\count291
\float@exts=\toks22
\float@box=\box99
\@float@everytoks=\toks23
\@floatcapt=\box100
)
(C:\Users\acoss\AppData\Local\Programs\MiKTeX\tex/latex/l3backend\l3backend-pdf
tex.def
File: l3backend-pdftex.def 2024-01-04 L3 backend support: PDF output (pdfTeX)
\l__color_backend_stack_int=\count292
\l__pdf_internal_box=\box101
) (paper.aux)
\openout1 = `paper.aux'.

LaTeX Font Info:    Checking defaults for OML/cmm/m/it on input line 23.
LaTeX Font Info:    ... okay on input line 23.
LaTeX Font Info:    Checking defaults for OMS/cmsy/m/n on input line 23.
LaTeX Font Info:    ... okay on input line 23.
LaTeX Font Info:    Checking defaults for OT1/cmr/m/n on input line 23.
LaTeX Font Info:    ... okay on input line 23.
LaTeX Font Info:    Checking defaults for T1/cmr/m/n on input line 23.
LaTeX Font Info:    ... okay on input line 23.
LaTeX Font Info:    Checking defaults for TS1/cmr/m/n on input line 23.
LaTeX Font Info:    ... okay on input line 23.
LaTeX Font Info:    Checking defaults for OMX/cmex/m/n on input line 23.
LaTeX Font Info:    ... okay on input line 23.
LaTeX Font Info:    Checking defaults for U/cmr/m/n on input line 23.
LaTeX Font Info:    ... okay on input line 23.

(C:\Users\acoss\AppData\Local\Programs\MiKTeX\tex/context/base/mkii\supp-pdf.mk
ii
[Loading MPS to PDF converter (version 2006.09.02).]
\scratchcounter=\count293
\scratchdimen=\dimen165
\scratchbox=\box102
\nofMPsegments=\count294
\nofMParguments=\count295
\everyMPshowfont=\toks24
\MPscratchCnt=\count296
\MPscratchDim=\dimen166
\MPnumerator=\count297
\makeMPintoPDFobject=\count298
\everyMPtoPDFconversion=\toks25
)
(C:\Users\acoss\AppData\Local\Programs\MiKTeX\tex/latex/epstopdf-pkg\epstopdf-b
ase.sty
Package: epstopdf-base 2020-01-24 v2.11 Base part for package epstopdf
Package epstopdf-base Info: Redefining graphics rule for `.eps' on input line 4
85.

(C:\Users\acoss\AppData\Local\Programs\MiKTeX\tex/latex/00miktex\epstopdf-sys.c
fg
File: epstopdf-sys.cfg 2021/03/18 v2.0 Configuration of epstopdf for MiKTeX
))
LaTeX Font Info:    External font `cmex10' loaded for size
(Font)              <7> on input line 47.
LaTeX Font Info:    External font `cmex10' loaded for size
(Font)              <5> on input line 47.
LaTeX Font Info:    Trying to load font information for T1+cmtt on input line 4
7.
 (C:\Users\acoss\AppData\Local\Programs\MiKTeX\tex/latex/base\t1cmtt.fd
File: t1cmtt.fd 2023/04/13 v2.5m Standard LaTeX font definitions
)
Overfull \hbox (12.34624pt too wide) in paragraph at lines 52--53
\T1/cmr/bx/n/9 Keywords:\T1/cmr/m/n/9 Retrieval-Augmented Gen-er-a-tion, edge c
om-put-ing, IoT, health
 []

[1

{C:/Users/acoss/AppData/Local/MiKTeX/fonts/map/pdftex/pdftex.map}]
Overfull \hbox (1.90234pt too wide) in paragraph at lines 79--80
\T1/cmr/bx/n/10 Edge Tier\T1/cmr/m/n/10 , which pri-or-i-tizes re-spon-sive-nes
s and lo-cal avail-abil-ity, and the \T1/cmr/bx/n/10 Cloud
 []

<arichitecture.png, id=12, 1615.03375pt x 459.7175pt>
File: arichitecture.png Graphic file (type png)
<use arichitecture.png>
Package pdftex.def Info: arichitecture.png  used on input line 84.
(pdftex.def)             Requested size: 451.26164pt x 128.45346pt.
[2] [3 <./arichitecture.png>]
Overfull \hbox (13.33426pt too wide) in paragraph at lines 114--115
[]\T1/cmr/bx/n/10 InfluxDB: \T1/cmr/m/n/10 Time-series database for the long-te
rm per-sis-tence of high-frequency
 []

<iotFlow.png, id=22, 1285.80376pt x 332.24126pt>
File: iotFlow.png Graphic file (type png)
<use iotFlow.png>
Package pdftex.def Info: iotFlow.png  used on input line 128.
(pdftex.def)             Requested size: 347.12354pt x 89.69112pt.
[4]
<chatFlow.png, id=26, 2078.76625pt x 416.55624pt>
File: chatFlow.png Graphic file (type png)
<use chatFlow.png>
Package pdftex.def Info: chatFlow.png  used on input line 146.
(pdftex.def)             Requested size: 451.26164pt x 90.42227pt.
 [5 <./iotFlow.png> <./chatFlow.png>]
<dataAnalystFlow.png, id=32, 2379.89125pt x 416.55624pt>
File: dataAnalystFlow.png Graphic file (type png)
<use dataAnalystFlow.png>
Package pdftex.def Info: dataAnalystFlow.png  used on input line 164.
(pdftex.def)             Requested size: 451.26164pt x 78.98125pt.
 [6 <./dataAnalystFlow.png>]
<patient-dashboard.png, id=38, 2871.97969pt x 1425.82687pt>
File: patient-dashboard.png Graphic file (type png)
<use patient-dashboard.png>
Package pdftex.def Info: patient-dashboard.png  used on input line 187.
(pdftex.def)             Requested size: 347.12354pt x 172.33195pt.
<patient-chat.png, id=39, 2881.01344pt x 1430.34375pt>
File: patient-chat.png Graphic file (type png)
<use patient-chat.png>
Package pdftex.def Info: patient-chat.png  used on input line 194.
(pdftex.def)             Requested size: 347.12354pt x 172.33224pt.
 [7 <./patient-dashboard.png>]
<expert-devices-list.png, id=45, 957.5775pt x 434.37282pt>
File: expert-devices-list.png Graphic file (type png)
<use expert-devices-list.png>
Package pdftex.def Info: expert-devices-list.png  used on input line 204.
(pdftex.def)             Requested size: 277.69987pt x 125.96489pt.
<expert-sessions-list.png, id=46, 984.67876pt x 1026.83624pt>
File: expert-sessions-list.png Graphic file (type png)
<use expert-sessions-list.png>
Package pdftex.def Info: expert-sessions-list.png  used on input line 211.
(pdftex.def)             Requested size: 277.69987pt x 289.5804pt.

Underfull \vbox (badness 10000) has occurred while \output is active []

 [8 <./patient-chat.png> <./expert-devices-list.png>]
<expert-session-details.png, id=52, 2847.8897pt x 1324.19719pt>
File: expert-session-details.png Graphic file (type png)
<use expert-session-details.png>
Package pdftex.def Info: expert-session-details.png  used on input line 218.
(pdftex.def)             Requested size: 347.12354pt x 161.4023pt.
 [9 <./expert-sessions-list.png> <./expert-session-details.png>] [10] [11] (pap
er.aux)
 ***********
LaTeX2e <2023-11-01> patch level 1
L3 programming layer <2024-01-04>
 ***********
 ) 
Here is how much of TeX's memory you used:
 2144 strings out of 474486
 33328 string characters out of 5743755
 1934542 words of memory out of 5000000
 24447 multiletter control sequences out of 15000+600000
 565231 words of font info for 46 fonts, out of 8000000 for 9000
 1141 hyphenation exceptions out of 8191
 57i,7n,65p,1091b,251s stack positions out of 10000i,1000n,20000p,200000b,200000s
 <C:\Users\acoss\AppData\Local\MiKTeX\fonts/pk/ljfour/jknappen/ec/dpi600\ecti
1000.pk> <C:\Users\acoss\AppData\Local\MiKTeX\fonts/pk/ljfour/jknappen/ec/dpi60
0\ecbx1000.pk> <C:\Users\acoss\AppData\Local\MiKTeX\fonts/pk/ljfour/jknappen/ec
/dpi600\ecbx1200.pk> <C:\Users\acoss\AppData\Local\MiKTeX\fonts/pk/ljfour/jknap
pen/ec/dpi600\ecbx0900.pk> <C:\Users\acoss\AppData\Local\MiKTeX\fonts/pk/ljfour
/jknappen/ec/dpi600\ectt0900.pk> <C:\Users\acoss\AppData\Local\MiKTeX\fonts/pk/
ljfour/jknappen/ec/dpi600\ecrm0900.pk> <C:\Users\acoss\AppData\Local\MiKTeX\fon
ts/pk/ljfour/jknappen/ec/dpi600\ecrm1000.pk> <C:\Users\acoss\AppData\Local\MiKT
eX\fonts/pk/ljfour/jknappen/ec/dpi600\ecbx1440.pk><C:/Users/acoss/AppData/Local
/Programs/MiKTeX/fonts/type1/public/amsfonts/cm/cmr7.pfb>
Output written on paper.pdf (11 pages, 975659 bytes).
PDF statistics:
 391 PDF objects out of 1000 (max. 8388607)
 0 named destinations out of 1000 (max. 500000)
 46 words of extra memory for PDF output out of 10000 (max. 10000000)

